#! /opt/homebrew/Cellar/icarus-verilog/12.0/bin/vvp
:ivl_version "12.0 (stable)";
:ivl_delay_selection "TYPICAL";
:vpi_time_precision + 0;
:vpi_module "/opt/homebrew/Cellar/icarus-verilog/12.0/lib/ivl/system.vpi";
:vpi_module "/opt/homebrew/Cellar/icarus-verilog/12.0/lib/ivl/vhdl_sys.vpi";
:vpi_module "/opt/homebrew/Cellar/icarus-verilog/12.0/lib/ivl/vhdl_textio.vpi";
:vpi_module "/opt/homebrew/Cellar/icarus-verilog/12.0/lib/ivl/v2005_math.vpi";
:vpi_module "/opt/homebrew/Cellar/icarus-verilog/12.0/lib/ivl/va_math.vpi";
S_0x1469043b0 .scope module, "registerFile" "registerFile" 2 1;
 .timescale 0 0;
    .port_info 0 /INPUT 1 "clk";
    .port_info 1 /INPUT 1 "rst";
    .port_info 2 /INPUT 4 "rs0";
    .port_info 3 /INPUT 4 "rs1";
    .port_info 4 /INPUT 28 "data_in";
    .port_info 5 /INPUT 4 "dest_sel";
    .port_info 6 /INPUT 1 "wen";
    .port_info 7 /OUTPUT 28 "dout0";
    .port_info 8 /OUTPUT 28 "dout1";
L_0x146915600 .functor BUFZ 28, L_0x146915460, C4<0000000000000000000000000000>, C4<0000000000000000000000000000>, C4<0000000000000000000000000000>;
L_0x1469158f0 .functor BUFZ 28, L_0x1469156b0, C4<0000000000000000000000000000>, C4<0000000000000000000000000000>, C4<0000000000000000000000000000>;
v0x1469046b0_0 .net *"_ivl_0", 27 0, L_0x146915460;  1 drivers
v0x146914770_0 .net *"_ivl_10", 5 0, L_0x146915790;  1 drivers
L_0x138040058 .functor BUFT 1, C4<00>, C4<0>, C4<0>, C4<0>;
v0x146914810_0 .net *"_ivl_13", 1 0, L_0x138040058;  1 drivers
v0x1469148c0_0 .net *"_ivl_2", 5 0, L_0x146915500;  1 drivers
L_0x138040010 .functor BUFT 1, C4<00>, C4<0>, C4<0>, C4<0>;
v0x146914970_0 .net *"_ivl_5", 1 0, L_0x138040010;  1 drivers
v0x146914a60_0 .net *"_ivl_8", 27 0, L_0x1469156b0;  1 drivers
o0x138008130 .functor BUFZ 1, C4<z>; HiZ drive
v0x146914b10_0 .net "clk", 0 0, o0x138008130;  0 drivers
o0x138008160 .functor BUFZ 28, C4<zzzzzzzzzzzzzzzzzzzzzzzzzzzz>; HiZ drive
v0x146914bb0_0 .net "data_in", 27 0, o0x138008160;  0 drivers
o0x138008190 .functor BUFZ 4, C4<zzzz>; HiZ drive
v0x146914c60_0 .net "dest_sel", 3 0, o0x138008190;  0 drivers
v0x146914d70_0 .net "dout0", 27 0, L_0x146915600;  1 drivers
v0x146914e20_0 .net "dout1", 27 0, L_0x1469158f0;  1 drivers
v0x146914ed0_0 .var/i "i", 31 0;
v0x146914f80 .array "rf", 15 0, 27 0;
o0x138008250 .functor BUFZ 4, C4<zzzz>; HiZ drive
v0x146915020_0 .net "rs0", 3 0, o0x138008250;  0 drivers
o0x138008280 .functor BUFZ 4, C4<zzzz>; HiZ drive
v0x1469150d0_0 .net "rs1", 3 0, o0x138008280;  0 drivers
o0x1380082b0 .functor BUFZ 1, C4<z>; HiZ drive
v0x146915180_0 .net "rst", 0 0, o0x1380082b0;  0 drivers
o0x1380082e0 .functor BUFZ 1, C4<z>; HiZ drive
v0x146915220_0 .net "wen", 0 0, o0x1380082e0;  0 drivers
E_0x146904650 .event posedge, v0x146915180_0, v0x146914b10_0;
L_0x146915460 .array/port v0x146914f80, L_0x146915500;
L_0x146915500 .concat [ 4 2 0 0], o0x138008250, L_0x138040010;
L_0x1469156b0 .array/port v0x146914f80, L_0x146915790;
L_0x146915790 .concat [ 4 2 0 0], o0x138008280, L_0x138040058;
    .scope S_0x1469043b0;
T_0 ;
    %wait E_0x146904650;
    %load/vec4 v0x146915180_0;
    %flag_set/vec4 8;
    %jmp/0xz  T_0.0, 8;
    %pushi/vec4 0, 0, 32;
    %store/vec4 v0x146914ed0_0, 0, 32;
T_0.2 ;
    %load/vec4 v0x146914ed0_0;
    %cmpi/s 16, 0, 32;
    %jmp/0xz T_0.3, 5;
    %pushi/vec4 0, 0, 28;
    %ix/getv/s 3, v0x146914ed0_0;
    %ix/load 4, 0, 0; Constant delay
    %assign/vec4/a/d v0x146914f80, 0, 4;
    %load/vec4 v0x146914ed0_0;
    %addi 1, 0, 32;
    %store/vec4 v0x146914ed0_0, 0, 32;
    %jmp T_0.2;
T_0.3 ;
    %jmp T_0.1;
T_0.0 ;
    %load/vec4 v0x146915220_0;
    %flag_set/vec4 8;
    %jmp/0xz  T_0.4, 8;
    %load/vec4 v0x146914c60_0;
    %or/r;
    %flag_set/vec4 8;
    %jmp/0 T_0.6, 8;
    %load/vec4 v0x146914bb0_0;
    %jmp/1 T_0.7, 8;
T_0.6 ; End of true expr.
    %pushi/vec4 0, 0, 28;
    %jmp/0 T_0.7, 8;
 ; End of false expr.
    %blend;
T_0.7;
    %load/vec4 v0x146914c60_0;
    %pad/u 6;
    %ix/vec4 3;
    %ix/load 4, 0, 0; Constant delay
    %assign/vec4/a/d v0x146914f80, 0, 4;
T_0.4 ;
T_0.1 ;
    %jmp T_0;
    .thread T_0;
# The file index is used to find the file name in the following table.
:file_names 3;
    "N/A";
    "<interactive>";
    "thread/rf/regfile.v";
