#! /opt/homebrew/Cellar/icarus-verilog/12.0/bin/vvp
:ivl_version "12.0 (stable)";
:ivl_delay_selection "TYPICAL";
:vpi_time_precision - 12;
:vpi_module "/opt/homebrew/Cellar/icarus-verilog/12.0/lib/ivl/system.vpi";
:vpi_module "/opt/homebrew/Cellar/icarus-verilog/12.0/lib/ivl/vhdl_sys.vpi";
:vpi_module "/opt/homebrew/Cellar/icarus-verilog/12.0/lib/ivl/vhdl_textio.vpi";
:vpi_module "/opt/homebrew/Cellar/icarus-verilog/12.0/lib/ivl/v2005_math.vpi";
:vpi_module "/opt/homebrew/Cellar/icarus-verilog/12.0/lib/ivl/va_math.vpi";
S_0x15760fa90 .scope module, "instructionDecode_tb" "instructionDecode_tb" 2 3;
 .timescale -9 -12;
v0x15762fee0_0 .net "alusel0", 1 0, L_0x157630c90;  1 drivers
v0x15762d640_0 .net "alusel1", 1 0, L_0x157630db0;  1 drivers
v0x15762ff70_0 .net "flags", 2 0, L_0x157630e90;  1 drivers
v0x157630000_0 .net "idf", 0 0, L_0x157633290;  1 drivers
v0x1576300b0_0 .net "inc", 0 0, L_0x157630ff0;  1 drivers
v0x157630180_0 .var "ins", 31 0;
v0x157630230_0 .net "isHalted", 0 0, L_0x157632db0;  1 drivers
v0x1576302e0_0 .net "isJump", 0 0, L_0x157631a60;  1 drivers
v0x157630390_0 .net "isSIMD", 0 0, L_0x157631740;  1 drivers
v0x1576304a0_0 .net "jumpAddr", 9 0, L_0x157633340;  1 drivers
v0x157630530_0 .net "pop", 0 0, L_0x157631d70;  1 drivers
v0x1576305c0_0 .net "rd", 3 0, L_0x157633020;  1 drivers
v0x157630670_0 .net "rs0", 3 0, L_0x157633420;  1 drivers
v0x157630720_0 .net "rs1", 3 0, L_0x1576336d0;  1 drivers
v0x1576307d0_0 .net "setTOS", 0 0, L_0x1576328f0;  1 drivers
v0x157630880_0 .net "sh1", 3 0, L_0x157631250;  1 drivers
v0x157630930_0 .net "sh1dir", 0 0, L_0x157631090;  1 drivers
v0x157630ae0_0 .net "sh2", 3 0, L_0x157631430;  1 drivers
v0x157630b70_0 .net "sh2dir", 0 0, L_0x157631170;  1 drivers
v0x157630c00_0 .net "zcmpw", 0 0, L_0x157632480;  1 drivers
S_0x15761e390 .scope autofunction.vec4.s32, "make_ins" "make_ins" 2 53, 2 53 0, S_0x15760fa90;
 .timescale -9 -12;
v0x15760ff20_0 .var "dest", 3 0;
v0x15762ce70_0 .var "flags_in", 2 0;
v0x15762cf10_0 .var "imm_sh", 9 0;
v0x15762cfc0_0 .var "inc_bit", 0 0;
; Variable make_ins is vec4 return value of scope S_0x15761e390
v0x15762d150_0 .var "opcode1", 3 0;
v0x15762d200_0 .var "opcode2", 1 0;
v0x15762d2b0_0 .var "s0", 3 0;
v0x15762d360_0 .var "s1", 3 0;
TD_instructionDecode_tb.make_ins ;
    %load/vec4 v0x15760ff20_0;
    %load/vec4 v0x15762d360_0;
    %concat/vec4; draw_concat_vec4
    %load/vec4 v0x15762d2b0_0;
    %concat/vec4; draw_concat_vec4
    %load/vec4 v0x15762cf10_0;
    %concat/vec4; draw_concat_vec4
    %load/vec4 v0x15762cfc0_0;
    %concat/vec4; draw_concat_vec4
    %load/vec4 v0x15762ce70_0;
    %concat/vec4; draw_concat_vec4
    %load/vec4 v0x15762d150_0;
    %concat/vec4; draw_concat_vec4
    %load/vec4 v0x15762d200_0;
    %concat/vec4; draw_concat_vec4
    %ret/vec4 0, 0, 32;  Assign to make_ins (store_vec4_to_lval)
    %end;
S_0x15762d470 .scope module, "uut" "instructionDecode" 2 29, 3 1 0, S_0x15760fa90;
 .timescale 0 0;
    .port_info 0 /INPUT 32 "ins";
    .port_info 1 /OUTPUT 2 "alusel0";
    .port_info 2 /OUTPUT 2 "alusel1";
    .port_info 3 /OUTPUT 3 "flags";
    .port_info 4 /OUTPUT 1 "inc";
    .port_info 5 /OUTPUT 1 "sh1dir";
    .port_info 6 /OUTPUT 1 "sh2dir";
    .port_info 7 /OUTPUT 4 "sh1";
    .port_info 8 /OUTPUT 4 "sh2";
    .port_info 9 /OUTPUT 1 "isSIMD";
    .port_info 10 /OUTPUT 1 "isJump";
    .port_info 11 /OUTPUT 1 "pop";
    .port_info 12 /OUTPUT 1 "zcmpw";
    .port_info 13 /OUTPUT 1 "setTOS";
    .port_info 14 /OUTPUT 1 "isHalted";
    .port_info 15 /OUTPUT 1 "idf";
    .port_info 16 /OUTPUT 10 "jumpAddr";
    .port_info 17 /OUTPUT 10 "addrTOS";
    .port_info 18 /OUTPUT 4 "rs0";
    .port_info 19 /OUTPUT 4 "rs1";
    .port_info 20 /OUTPUT 4 "rd";
L_0x157630f70 .functor NOT 1, L_0x157631510, C4<0>, C4<0>, C4<0>;
L_0x157631690 .functor NOT 1, L_0x1576315f0, C4<0>, C4<0>, C4<0>;
L_0x157631740 .functor AND 1, L_0x157630f70, L_0x157631690, C4<1>, C4<1>;
L_0x1576319b0 .functor NOT 1, L_0x157631910, C4<0>, C4<0>, C4<0>;
L_0x157631a60 .functor AND 1, L_0x157631870, L_0x1576319b0, C4<1>, C4<1>;
L_0x157631d70 .functor AND 1, L_0x157631bc0, L_0x157631cd0, C4<1>, C4<1>;
L_0x157631c60 .functor NOT 1, L_0x157632100, C4<0>, C4<0>, C4<0>;
L_0x1576321a0 .functor AND 1, L_0x157631e60, L_0x157631c60, C4<1>, C4<1>;
L_0x1576323c0 .functor NOT 1, L_0x157632290, C4<0>, C4<0>, C4<0>;
L_0x157632480 .functor AND 1, L_0x1576321a0, L_0x1576323c0, C4<1>, C4<1>;
L_0x157632590 .functor NOT 1, L_0x1576324f0, C4<0>, C4<0>, C4<0>;
L_0x1576327e0 .functor AND 1, L_0x157632590, L_0x1576326a0, C4<1>, C4<1>;
L_0x1576328f0 .functor AND 1, L_0x1576327e0, L_0x157632850, C4<1>, C4<1>;
L_0x157632ba0 .functor AND 1, L_0x157632a50, L_0x157632740, C4<1>, C4<1>;
L_0x157632db0 .functor AND 1, L_0x157632ba0, L_0x157632c50, C4<1>, C4<1>;
L_0x1576329e0 .functor AND 1, L_0x157632ee0, L_0x157632f80, C4<1>, C4<1>;
L_0x157633190 .functor NOT 1, L_0x1576330f0, C4<0>, C4<0>, C4<0>;
L_0x157633290 .functor AND 1, L_0x1576329e0, L_0x157633190, C4<1>, C4<1>;
v0x15762d8f0_0 .net *"_ivl_17", 0 0, L_0x157631510;  1 drivers
v0x15762d980_0 .net *"_ivl_18", 0 0, L_0x157630f70;  1 drivers
v0x15762da10_0 .net *"_ivl_21", 0 0, L_0x1576315f0;  1 drivers
v0x15762dad0_0 .net *"_ivl_22", 0 0, L_0x157631690;  1 drivers
v0x15762db80_0 .net *"_ivl_27", 0 0, L_0x157631870;  1 drivers
v0x15762dc70_0 .net *"_ivl_29", 0 0, L_0x157631910;  1 drivers
v0x15762dd20_0 .net *"_ivl_30", 0 0, L_0x1576319b0;  1 drivers
v0x15762ddd0_0 .net *"_ivl_35", 0 0, L_0x157631bc0;  1 drivers
v0x15762de80_0 .net *"_ivl_37", 0 0, L_0x157631cd0;  1 drivers
v0x15762df90_0 .net *"_ivl_41", 0 0, L_0x157631e60;  1 drivers
v0x15762e040_0 .net *"_ivl_43", 0 0, L_0x157632100;  1 drivers
v0x15762e0f0_0 .net *"_ivl_44", 0 0, L_0x157631c60;  1 drivers
v0x15762e1a0_0 .net *"_ivl_46", 0 0, L_0x1576321a0;  1 drivers
v0x15762e250_0 .net *"_ivl_49", 0 0, L_0x157632290;  1 drivers
v0x15762e300_0 .net *"_ivl_50", 0 0, L_0x1576323c0;  1 drivers
v0x15762e3b0_0 .net *"_ivl_55", 0 0, L_0x1576324f0;  1 drivers
v0x15762e460_0 .net *"_ivl_56", 0 0, L_0x157632590;  1 drivers
v0x15762e5f0_0 .net *"_ivl_59", 0 0, L_0x1576326a0;  1 drivers
v0x15762e680_0 .net *"_ivl_60", 0 0, L_0x1576327e0;  1 drivers
v0x15762e730_0 .net *"_ivl_63", 0 0, L_0x157632850;  1 drivers
v0x15762e7e0_0 .net *"_ivl_67", 0 0, L_0x157632a50;  1 drivers
v0x15762e890_0 .net *"_ivl_69", 0 0, L_0x157632740;  1 drivers
v0x15762e940_0 .net *"_ivl_70", 0 0, L_0x157632ba0;  1 drivers
v0x15762e9f0_0 .net *"_ivl_73", 0 0, L_0x157632c50;  1 drivers
v0x15762eaa0_0 .net *"_ivl_77", 0 0, L_0x157632ee0;  1 drivers
v0x15762eb50_0 .net *"_ivl_79", 0 0, L_0x157632f80;  1 drivers
v0x15762ec00_0 .net *"_ivl_80", 0 0, L_0x1576329e0;  1 drivers
v0x15762ecb0_0 .net *"_ivl_83", 0 0, L_0x1576330f0;  1 drivers
v0x15762ed60_0 .net *"_ivl_84", 0 0, L_0x157633190;  1 drivers
v0x15762ee10_0 .net "addrTOS", 9 0, L_0x157633500;  1 drivers
v0x15762eec0_0 .net "alusel0", 1 0, L_0x157630c90;  alias, 1 drivers
v0x15762ef70_0 .net "alusel1", 1 0, L_0x157630db0;  alias, 1 drivers
v0x15762f020_0 .net "flags", 2 0, L_0x157630e90;  alias, 1 drivers
v0x15762e510_0 .net "idf", 0 0, L_0x157633290;  alias, 1 drivers
v0x15762f2b0_0 .net "inc", 0 0, L_0x157630ff0;  alias, 1 drivers
v0x15762f340_0 .net "ins", 31 0, v0x157630180_0;  1 drivers
v0x15762f3d0_0 .net "isHalted", 0 0, L_0x157632db0;  alias, 1 drivers
v0x15762f460_0 .net "isJump", 0 0, L_0x157631a60;  alias, 1 drivers
v0x15762f500_0 .net "isSIMD", 0 0, L_0x157631740;  alias, 1 drivers
v0x15762f5a0_0 .net "jumpAddr", 9 0, L_0x157633340;  alias, 1 drivers
v0x15762f650_0 .net "pop", 0 0, L_0x157631d70;  alias, 1 drivers
v0x15762f6f0_0 .net "rd", 3 0, L_0x157633020;  alias, 1 drivers
v0x15762f7a0_0 .net "rs0", 3 0, L_0x157633420;  alias, 1 drivers
v0x15762f850_0 .net "rs1", 3 0, L_0x1576336d0;  alias, 1 drivers
v0x15762f900_0 .net "setTOS", 0 0, L_0x1576328f0;  alias, 1 drivers
v0x15762f9a0_0 .net "sh1", 3 0, L_0x157631250;  alias, 1 drivers
v0x15762fa50_0 .net "sh1dir", 0 0, L_0x157631090;  alias, 1 drivers
v0x15762faf0_0 .net "sh2", 3 0, L_0x157631430;  alias, 1 drivers
v0x15762fba0_0 .net "sh2dir", 0 0, L_0x157631170;  alias, 1 drivers
v0x15762fc40_0 .net "zcmpw", 0 0, L_0x157632480;  alias, 1 drivers
L_0x157630c90 .part v0x157630180_0, 0, 2;
L_0x157630db0 .part v0x157630180_0, 2, 2;
L_0x157630e90 .part v0x157630180_0, 6, 3;
L_0x157630ff0 .part v0x157630180_0, 9, 1;
L_0x157631090 .part v0x157630180_0, 14, 1;
L_0x157631170 .part v0x157630180_0, 19, 1;
L_0x157631250 .part v0x157630180_0, 10, 4;
L_0x157631430 .part v0x157630180_0, 15, 4;
L_0x157631510 .part v0x157630180_0, 5, 1;
L_0x1576315f0 .part v0x157630180_0, 4, 1;
L_0x157631870 .part v0x157630180_0, 5, 1;
L_0x157631910 .part v0x157630180_0, 3, 1;
L_0x157631bc0 .part v0x157630180_0, 5, 1;
L_0x157631cd0 .part v0x157630180_0, 3, 1;
L_0x157631e60 .part v0x157630180_0, 4, 1;
L_0x157632100 .part v0x157630180_0, 3, 1;
L_0x157632290 .part v0x157630180_0, 2, 1;
L_0x1576324f0 .part v0x157630180_0, 5, 1;
L_0x1576326a0 .part v0x157630180_0, 3, 1;
L_0x157632850 .part v0x157630180_0, 2, 1;
L_0x157632a50 .part v0x157630180_0, 5, 1;
L_0x157632740 .part v0x157630180_0, 4, 1;
L_0x157632c50 .part v0x157630180_0, 3, 1;
L_0x157632ee0 .part v0x157630180_0, 4, 1;
L_0x157632f80 .part v0x157630180_0, 3, 1;
L_0x1576330f0 .part v0x157630180_0, 2, 1;
L_0x157633340 .part v0x157630180_0, 10, 10;
L_0x157633500 .part v0x157630180_0, 10, 10;
L_0x157633020 .part v0x157630180_0, 28, 4;
L_0x1576336d0 .part v0x157630180_0, 24, 4;
L_0x157633420 .part v0x157630180_0, 20, 4;
    .scope S_0x15760fa90;
T_1 ;
    %vpi_call 2 70 "$dumpfile", "instructionDecode.vcd" {0 0 0};
    %vpi_call 2 71 "$dumpvars", 32'sb00000000000000000000000000000000, S_0x15760fa90 {0 0 0};
    %vpi_call 2 73 "$display", "\012---- instructionDecode Testbench ----" {0 0 0};
    %alloc S_0x15761e390;
    %pushi/vec4 0, 0, 4;
    %pushi/vec4 0, 0, 4;
    %pushi/vec4 0, 0, 4;
    %pushi/vec4 0, 0, 10;
    %pushi/vec4 0, 0, 1;
    %pushi/vec4 0, 0, 3;
    %pushi/vec4 0, 0, 4;
    %pushi/vec4 0, 0, 2;
    %store/vec4 v0x15762d200_0, 0, 2;
    %store/vec4 v0x15762d150_0, 0, 4;
    %store/vec4 v0x15762ce70_0, 0, 3;
    %store/vec4 v0x15762cfc0_0, 0, 1;
    %store/vec4 v0x15762cf10_0, 0, 10;
    %store/vec4 v0x15762d2b0_0, 0, 4;
    %store/vec4 v0x15762d360_0, 0, 4;
    %store/vec4 v0x15760ff20_0, 0, 4;
    %callf/vec4 TD_instructionDecode_tb.make_ins, S_0x15761e390;
    %free S_0x15761e390;
    %store/vec4 v0x157630180_0, 0, 32;
    %delay 5000, 0;
    %vpi_call 2 78 "$display", "Test 0: zeros => alusel0=%b alusel1=%b flags=%b inc=%b isSIMD=%b isJump=%b pop=%b zcmpw=%b setTOS=%b isHalted=%b idf=%b rd=%h rs1=%h rs0=%h jumpAddr=%h", v0x15762fee0_0, v0x15762d640_0, v0x15762ff70_0, v0x1576300b0_0, v0x157630390_0, v0x1576302e0_0, v0x157630530_0, v0x157630c00_0, v0x1576307d0_0, v0x157630230_0, v0x157630000_0, v0x1576305c0_0, v0x157630720_0, v0x157630670_0, v0x1576304a0_0 {0 0 0};
    %alloc S_0x15761e390;
    %pushi/vec4 10, 0, 4;
    %pushi/vec4 1, 0, 4;
    %pushi/vec4 2, 0, 4;
    %pushi/vec4 291, 0, 10;
    %pushi/vec4 0, 0, 1;
    %pushi/vec4 2, 0, 3;
    %pushi/vec4 0, 0, 4;
    %pushi/vec4 0, 0, 2;
    %store/vec4 v0x15762d200_0, 0, 2;
    %store/vec4 v0x15762d150_0, 0, 4;
    %store/vec4 v0x15762ce70_0, 0, 3;
    %store/vec4 v0x15762cfc0_0, 0, 1;
    %store/vec4 v0x15762cf10_0, 0, 10;
    %store/vec4 v0x15762d2b0_0, 0, 4;
    %store/vec4 v0x15762d360_0, 0, 4;
    %store/vec4 v0x15760ff20_0, 0, 4;
    %callf/vec4 TD_instructionDecode_tb.make_ins, S_0x15761e390;
    %free S_0x15761e390;
    %store/vec4 v0x157630180_0, 0, 32;
    %delay 5000, 0;
    %vpi_call 2 84 "$display", "Test 1: SIMD => isSIMD=%b (should=1), rd=%h, rs1=%h, rs0=%h, imm_sh=%h, flags=%b", v0x157630390_0, v0x1576305c0_0, v0x157630720_0, v0x157630670_0, v0x1576304a0_0, v0x15762ff70_0 {0 0 0};
    %alloc S_0x15761e390;
    %pushi/vec4 3, 0, 4;
    %pushi/vec4 4, 0, 4;
    %pushi/vec4 5, 0, 4;
    %pushi/vec4 1023, 0, 10;
    %pushi/vec4 0, 0, 1;
    %pushi/vec4 1, 0, 3;
    %pushi/vec4 2, 0, 4;
    %pushi/vec4 1, 0, 2;
    %store/vec4 v0x15762d200_0, 0, 2;
    %store/vec4 v0x15762d150_0, 0, 4;
    %store/vec4 v0x15762ce70_0, 0, 3;
    %store/vec4 v0x15762cfc0_0, 0, 1;
    %store/vec4 v0x15762cf10_0, 0, 10;
    %store/vec4 v0x15762d2b0_0, 0, 4;
    %store/vec4 v0x15762d360_0, 0, 4;
    %store/vec4 v0x15760ff20_0, 0, 4;
    %callf/vec4 TD_instructionDecode_tb.make_ins, S_0x15761e390;
    %free S_0x15761e390;
    %store/vec4 v0x157630180_0, 0, 32;
    %delay 5000, 0;
    %vpi_call 2 92 "$display", "Test 2: Jump => isJump=%b (should=1), jumpAddr=%h", v0x1576302e0_0, v0x1576304a0_0 {0 0 0};
    %alloc S_0x15761e390;
    %pushi/vec4 15, 0, 4;
    %pushi/vec4 14, 0, 4;
    %pushi/vec4 13, 0, 4;
    %pushi/vec4 85, 0, 10;
    %pushi/vec4 1, 0, 1;
    %pushi/vec4 4, 0, 3;
    %pushi/vec4 2, 0, 4;
    %pushi/vec4 3, 0, 2;
    %store/vec4 v0x15762d200_0, 0, 2;
    %store/vec4 v0x15762d150_0, 0, 4;
    %store/vec4 v0x15762ce70_0, 0, 3;
    %store/vec4 v0x15762cfc0_0, 0, 1;
    %store/vec4 v0x15762cf10_0, 0, 10;
    %store/vec4 v0x15762d2b0_0, 0, 4;
    %store/vec4 v0x15762d360_0, 0, 4;
    %store/vec4 v0x15760ff20_0, 0, 4;
    %callf/vec4 TD_instructionDecode_tb.make_ins, S_0x15761e390;
    %free S_0x15761e390;
    %store/vec4 v0x157630180_0, 0, 32;
    %delay 5000, 0;
    %vpi_call 2 97 "$display", "Test 3: Pop => pop=%b (should=1)", v0x157630530_0 {0 0 0};
    %alloc S_0x15761e390;
    %pushi/vec4 1, 0, 4;
    %pushi/vec4 1, 0, 4;
    %pushi/vec4 1, 0, 4;
    %pushi/vec4 170, 0, 10;
    %pushi/vec4 0, 0, 1;
    %pushi/vec4 7, 7, 3;
    %pushi/vec4 1, 0, 4;
    %pushi/vec4 0, 0, 2;
    %store/vec4 v0x15762d200_0, 0, 2;
    %store/vec4 v0x15762d150_0, 0, 4;
    %store/vec4 v0x15762ce70_0, 0, 3;
    %store/vec4 v0x15762cfc0_0, 0, 1;
    %store/vec4 v0x15762cf10_0, 0, 10;
    %store/vec4 v0x15762d2b0_0, 0, 4;
    %store/vec4 v0x15762d360_0, 0, 4;
    %store/vec4 v0x15760ff20_0, 0, 4;
    %callf/vec4 TD_instructionDecode_tb.make_ins, S_0x15761e390;
    %free S_0x15761e390;
    %store/vec4 v0x157630180_0, 0, 32;
    %alloc S_0x15761e390;
    %pushi/vec4 1, 0, 4;
    %pushi/vec4 1, 0, 4;
    %pushi/vec4 1, 0, 4;
    %pushi/vec4 170, 0, 10;
    %pushi/vec4 0, 0, 1;
    %pushi/vec4 2, 0, 3;
    %pushi/vec4 1, 0, 4;
    %pushi/vec4 0, 0, 2;
    %store/vec4 v0x15762d200_0, 0, 2;
    %store/vec4 v0x15762d150_0, 0, 4;
    %store/vec4 v0x15762ce70_0, 0, 3;
    %store/vec4 v0x15762cfc0_0, 0, 1;
    %store/vec4 v0x15762cf10_0, 0, 10;
    %store/vec4 v0x15762d2b0_0, 0, 4;
    %store/vec4 v0x15762d360_0, 0, 4;
    %store/vec4 v0x15760ff20_0, 0, 4;
    %callf/vec4 TD_instructionDecode_tb.make_ins, S_0x15761e390;
    %free S_0x15761e390;
    %store/vec4 v0x157630180_0, 0, 32;
    %delay 5000, 0;
    %vpi_call 2 105 "$display", "Test 4: zcmpw => zcmpw=%b (should=1)", v0x157630c00_0 {0 0 0};
    %alloc S_0x15761e390;
    %pushi/vec4 2, 0, 4;
    %pushi/vec4 2, 0, 4;
    %pushi/vec4 2, 0, 4;
    %pushi/vec4 511, 0, 10;
    %pushi/vec4 0, 0, 1;
    %pushi/vec4 3, 0, 3;
    %pushi/vec4 0, 0, 4;
    %pushi/vec4 3, 0, 2;
    %store/vec4 v0x15762d200_0, 0, 2;
    %store/vec4 v0x15762d150_0, 0, 4;
    %store/vec4 v0x15762ce70_0, 0, 3;
    %store/vec4 v0x15762cfc0_0, 0, 1;
    %store/vec4 v0x15762cf10_0, 0, 10;
    %store/vec4 v0x15762d2b0_0, 0, 4;
    %store/vec4 v0x15762d360_0, 0, 4;
    %store/vec4 v0x15760ff20_0, 0, 4;
    %callf/vec4 TD_instructionDecode_tb.make_ins, S_0x15761e390;
    %free S_0x15761e390;
    %store/vec4 v0x157630180_0, 0, 32;
    %delay 5000, 0;
    %vpi_call 2 111 "$display", "Test 5: setTOS => setTOS=%b (should=1)", v0x1576307d0_0 {0 0 0};
    %alloc S_0x15761e390;
    %pushi/vec4 7, 0, 4;
    %pushi/vec4 7, 0, 4;
    %pushi/vec4 7, 0, 4;
    %pushi/vec4 938, 0, 10;
    %pushi/vec4 0, 0, 1;
    %pushi/vec4 7, 7, 3;
    %pushi/vec4 2, 0, 4;
    %pushi/vec4 3, 0, 2;
    %store/vec4 v0x15762d200_0, 0, 2;
    %store/vec4 v0x15762d150_0, 0, 4;
    %store/vec4 v0x15762ce70_0, 0, 3;
    %store/vec4 v0x15762cfc0_0, 0, 1;
    %store/vec4 v0x15762cf10_0, 0, 10;
    %store/vec4 v0x15762d2b0_0, 0, 4;
    %store/vec4 v0x15762d360_0, 0, 4;
    %store/vec4 v0x15760ff20_0, 0, 4;
    %callf/vec4 TD_instructionDecode_tb.make_ins, S_0x15761e390;
    %free S_0x15761e390;
    %store/vec4 v0x157630180_0, 0, 32;
    %delay 5000, 0;
    %vpi_call 2 117 "$display", "Test 6: isHalted => isHalted=%b (should=1)", v0x157630230_0 {0 0 0};
    %alloc S_0x15761e390;
    %pushi/vec4 8, 0, 4;
    %pushi/vec4 8, 0, 4;
    %pushi/vec4 8, 0, 4;
    %pushi/vec4 341, 0, 10;
    %pushi/vec4 1, 0, 1;
    %pushi/vec4 2, 0, 3;
    %pushi/vec4 6, 0, 4;
    %pushi/vec4 2, 0, 2;
    %store/vec4 v0x15762d200_0, 0, 2;
    %store/vec4 v0x15762d150_0, 0, 4;
    %store/vec4 v0x15762ce70_0, 0, 3;
    %store/vec4 v0x15762cfc0_0, 0, 1;
    %store/vec4 v0x15762cf10_0, 0, 10;
    %store/vec4 v0x15762d2b0_0, 0, 4;
    %store/vec4 v0x15762d360_0, 0, 4;
    %store/vec4 v0x15760ff20_0, 0, 4;
    %callf/vec4 TD_instructionDecode_tb.make_ins, S_0x15761e390;
    %free S_0x15761e390;
    %store/vec4 v0x157630180_0, 0, 32;
    %delay 5000, 0;
    %vpi_call 2 123 "$display", "Test 7: idf => idf=%b (should=1)", v0x157630000_0 {0 0 0};
    %vpi_call 2 125 "$display", "---- End of Tests ----\012" {0 0 0};
    %vpi_call 2 126 "$finish" {0 0 0};
    %end;
    .thread T_1;
# The file index is used to find the file name in the following table.
:file_names 4;
    "N/A";
    "<interactive>";
    "instest.v";
    "insdec.v";
