#! /opt/homebrew/Cellar/icarus-verilog/12.0/bin/vvp
:ivl_version "12.0 (stable)";
:ivl_delay_selection "TYPICAL";
:vpi_time_precision - 12;
:vpi_module "/opt/homebrew/Cellar/icarus-verilog/12.0/lib/ivl/system.vpi";
:vpi_module "/opt/homebrew/Cellar/icarus-verilog/12.0/lib/ivl/vhdl_sys.vpi";
:vpi_module "/opt/homebrew/Cellar/icarus-verilog/12.0/lib/ivl/vhdl_textio.vpi";
:vpi_module "/opt/homebrew/Cellar/icarus-verilog/12.0/lib/ivl/v2005_math.vpi";
:vpi_module "/opt/homebrew/Cellar/icarus-verilog/12.0/lib/ivl/va_math.vpi";
S_0x131e07570 .scope module, "registerFile_tb" "registerFile_tb" 2 3;
 .timescale -9 -12;
v0x131e23380_0 .var "clk", 0 0;
v0x131e23410_0 .var "data_in", 27 0;
v0x131e234a0_0 .var "dest_sel", 3 0;
v0x131e23530_0 .net "dout0", 27 0, L_0x131e23bf0;  1 drivers
v0x131e235c0_0 .net "dout1", 27 0, L_0x131e23ee0;  1 drivers
v0x131e23690_0 .var "rs0", 3 0;
v0x131e23740_0 .var "rs1", 3 0;
v0x131e237f0_0 .var "rst", 0 0;
v0x131e238a0_0 .var "wen", 0 0;
S_0x131e076e0 .scope module, "uut" "registerFile" 2 18, 3 1 0, S_0x131e07570;
 .timescale -9 -12;
    .port_info 0 /INPUT 1 "clk";
    .port_info 1 /INPUT 1 "rst";
    .port_info 2 /INPUT 4 "rs0";
    .port_info 3 /INPUT 4 "rs1";
    .port_info 4 /INPUT 28 "data_in";
    .port_info 5 /INPUT 4 "dest_sel";
    .port_info 6 /INPUT 1 "wen";
    .port_info 7 /OUTPUT 28 "dout0";
    .port_info 8 /OUTPUT 28 "dout1";
L_0x131e23bf0 .functor BUFZ 28, L_0x131e239d0, C4<0000000000000000000000000000>, C4<0000000000000000000000000000>, C4<0000000000000000000000000000>;
L_0x131e23ee0 .functor BUFZ 28, L_0x131e23ce0, C4<0000000000000000000000000000>, C4<0000000000000000000000000000>, C4<0000000000000000000000000000>;
v0x131e0f100_0 .net *"_ivl_0", 27 0, L_0x131e239d0;  1 drivers
v0x131e22690_0 .net *"_ivl_10", 5 0, L_0x131e23d80;  1 drivers
L_0x138078058 .functor BUFT 1, C4<00>, C4<0>, C4<0>, C4<0>;
v0x131e22730_0 .net *"_ivl_13", 1 0, L_0x138078058;  1 drivers
v0x131e227e0_0 .net *"_ivl_2", 5 0, L_0x131e23a70;  1 drivers
L_0x138078010 .functor BUFT 1, C4<00>, C4<0>, C4<0>, C4<0>;
v0x131e22890_0 .net *"_ivl_5", 1 0, L_0x138078010;  1 drivers
v0x131e22980_0 .net *"_ivl_8", 27 0, L_0x131e23ce0;  1 drivers
v0x131e22a30_0 .net "clk", 0 0, v0x131e23380_0;  1 drivers
v0x131e22ad0_0 .net "data_in", 27 0, v0x131e23410_0;  1 drivers
v0x131e22b80_0 .net "dest_sel", 3 0, v0x131e234a0_0;  1 drivers
v0x131e22c90_0 .net "dout0", 27 0, L_0x131e23bf0;  alias, 1 drivers
v0x131e22d40_0 .net "dout1", 27 0, L_0x131e23ee0;  alias, 1 drivers
v0x131e22df0_0 .var/i "i", 31 0;
v0x131e22ea0 .array "rf", 15 0, 27 0;
v0x131e22f40_0 .net "rs0", 3 0, v0x131e23690_0;  1 drivers
v0x131e22ff0_0 .net "rs1", 3 0, v0x131e23740_0;  1 drivers
v0x131e230a0_0 .net "rst", 0 0, v0x131e237f0_0;  1 drivers
v0x131e23140_0 .net "wen", 0 0, v0x131e238a0_0;  1 drivers
E_0x131e07e90 .event posedge, v0x131e230a0_0, v0x131e22a30_0;
L_0x131e239d0 .array/port v0x131e22ea0, L_0x131e23a70;
L_0x131e23a70 .concat [ 4 2 0 0], v0x131e23690_0, L_0x138078010;
L_0x131e23ce0 .array/port v0x131e22ea0, L_0x131e23d80;
L_0x131e23d80 .concat [ 4 2 0 0], v0x131e23740_0, L_0x138078058;
    .scope S_0x131e076e0;
T_0 ;
    %wait E_0x131e07e90;
    %load/vec4 v0x131e230a0_0;
    %flag_set/vec4 8;
    %jmp/0xz  T_0.0, 8;
    %pushi/vec4 0, 0, 32;
    %store/vec4 v0x131e22df0_0, 0, 32;
T_0.2 ;
    %load/vec4 v0x131e22df0_0;
    %cmpi/s 16, 0, 32;
    %jmp/0xz T_0.3, 5;
    %pushi/vec4 0, 0, 28;
    %ix/getv/s 3, v0x131e22df0_0;
    %ix/load 4, 0, 0; Constant delay
    %assign/vec4/a/d v0x131e22ea0, 0, 4;
    %load/vec4 v0x131e22df0_0;
    %addi 1, 0, 32;
    %store/vec4 v0x131e22df0_0, 0, 32;
    %jmp T_0.2;
T_0.3 ;
    %jmp T_0.1;
T_0.0 ;
    %load/vec4 v0x131e23140_0;
    %flag_set/vec4 8;
    %jmp/0xz  T_0.4, 8;
    %load/vec4 v0x131e22b80_0;
    %or/r;
    %flag_set/vec4 8;
    %jmp/0 T_0.6, 8;
    %load/vec4 v0x131e22ad0_0;
    %jmp/1 T_0.7, 8;
T_0.6 ; End of true expr.
    %pushi/vec4 0, 0, 28;
    %jmp/0 T_0.7, 8;
 ; End of false expr.
    %blend;
T_0.7;
    %load/vec4 v0x131e22b80_0;
    %pad/u 6;
    %ix/vec4 3;
    %ix/load 4, 0, 0; Constant delay
    %assign/vec4/a/d v0x131e22ea0, 0, 4;
T_0.4 ;
T_0.1 ;
    %jmp T_0;
    .thread T_0;
    .scope S_0x131e07570;
T_1 ;
    %pushi/vec4 0, 0, 1;
    %store/vec4 v0x131e23380_0, 0, 1;
T_1.0 ;
    %delay 1500, 0;
    %load/vec4 v0x131e23380_0;
    %inv;
    %store/vec4 v0x131e23380_0, 0, 1;
    %jmp T_1.0;
    %end;
    .thread T_1;
    .scope S_0x131e07570;
T_2 ;
    %vpi_call 2 37 "$dumpfile", "registerFile.vcd" {0 0 0};
    %vpi_call 2 38 "$dumpvars", 32'sb00000000000000000000000000000000, S_0x131e07570 {0 0 0};
    %pushi/vec4 1, 0, 1;
    %store/vec4 v0x131e237f0_0, 0, 1;
    %pushi/vec4 0, 0, 1;
    %store/vec4 v0x131e238a0_0, 0, 1;
    %pushi/vec4 0, 0, 4;
    %store/vec4 v0x131e23690_0, 0, 4;
    %pushi/vec4 1, 0, 4;
    %store/vec4 v0x131e23740_0, 0, 4;
    %delay 3000, 0;
    %pushi/vec4 0, 0, 1;
    %store/vec4 v0x131e237f0_0, 0, 1;
    %delay 3000, 0;
    %load/vec4 v0x131e23530_0;
    %cmpi/ne 0, 0, 28;
    %jmp/1 T_2.2, 6;
    %flag_mov 8, 6;
    %load/vec4 v0x131e235c0_0;
    %cmpi/ne 0, 0, 28;
    %flag_or 6, 8;
T_2.2;
    %jmp/0xz  T_2.0, 6;
    %vpi_call 2 48 "$display", "[FAIL] Reset did not clear registers: dout0=%h dout1=%h", v0x131e23530_0, v0x131e235c0_0 {0 0 0};
    %jmp T_2.1;
T_2.0 ;
    %vpi_call 2 50 "$display", "[PASS] Reset cleared registers" {0 0 0};
T_2.1 ;
    %pushi/vec4 703710, 0, 28;
    %store/vec4 v0x131e23410_0, 0, 28;
    %pushi/vec4 0, 0, 4;
    %store/vec4 v0x131e234a0_0, 0, 4;
    %pushi/vec4 1, 0, 1;
    %store/vec4 v0x131e238a0_0, 0, 1;
    %delay 3000, 0;
    %pushi/vec4 0, 0, 1;
    %store/vec4 v0x131e238a0_0, 0, 1;
    %pushi/vec4 0, 0, 4;
    %store/vec4 v0x131e23690_0, 0, 4;
    %pushi/vec4 0, 0, 4;
    %store/vec4 v0x131e23740_0, 0, 4;
    %delay 3000, 0;
    %load/vec4 v0x131e23530_0;
    %cmpi/ne 0, 0, 28;
    %jmp/0xz  T_2.3, 6;
    %vpi_call 2 62 "$display", "[FAIL] Write to R0 should remain zero: dout0=%h", v0x131e23530_0 {0 0 0};
    %jmp T_2.4;
T_2.3 ;
    %vpi_call 2 64 "$display", "[PASS] R0 write-protected" {0 0 0};
T_2.4 ;
    %pushi/vec4 19088743, 0, 28;
    %store/vec4 v0x131e23410_0, 0, 28;
    %pushi/vec4 5, 0, 4;
    %store/vec4 v0x131e234a0_0, 0, 4;
    %pushi/vec4 1, 0, 1;
    %store/vec4 v0x131e238a0_0, 0, 1;
    %delay 3000, 0;
    %pushi/vec4 0, 0, 1;
    %store/vec4 v0x131e238a0_0, 0, 1;
    %pushi/vec4 5, 0, 4;
    %store/vec4 v0x131e23690_0, 0, 4;
    %pushi/vec4 0, 0, 4;
    %store/vec4 v0x131e23740_0, 0, 4;
    %delay 3000, 0;
    %load/vec4 v0x131e23530_0;
    %cmpi/ne 19088743, 0, 28;
    %jmp/1 T_2.7, 6;
    %flag_mov 8, 6;
    %load/vec4 v0x131e235c0_0;
    %cmpi/ne 0, 0, 28;
    %flag_or 6, 8;
T_2.7;
    %jmp/0xz  T_2.5, 6;
    %vpi_call 2 77 "$display", "[FAIL] Write/Read mismatch: dout0=%h dout1=%h", v0x131e23530_0, v0x131e235c0_0 {0 0 0};
    %jmp T_2.6;
T_2.5 ;
    %vpi_call 2 79 "$display", "[PASS] Write/read R5 and R0" {0 0 0};
T_2.6 ;
    %pushi/vec4 16702650, 0, 28;
    %store/vec4 v0x131e23410_0, 0, 28;
    %pushi/vec4 5, 0, 4;
    %store/vec4 v0x131e234a0_0, 0, 4;
    %pushi/vec4 1, 0, 1;
    %store/vec4 v0x131e238a0_0, 0, 1;
    %delay 3000, 0;
    %pushi/vec4 0, 0, 1;
    %store/vec4 v0x131e238a0_0, 0, 1;
    %pushi/vec4 5, 0, 4;
    %store/vec4 v0x131e23690_0, 0, 4;
    %pushi/vec4 5, 0, 4;
    %store/vec4 v0x131e23740_0, 0, 4;
    %delay 3000, 0;
    %load/vec4 v0x131e23530_0;
    %cmpi/ne 16702650, 0, 28;
    %jmp/1 T_2.10, 6;
    %flag_mov 8, 6;
    %load/vec4 v0x131e235c0_0;
    %cmpi/ne 16702650, 0, 28;
    %flag_or 6, 8;
T_2.10;
    %jmp/0xz  T_2.8, 6;
    %vpi_call 2 91 "$display", "[FAIL] Overwrite failed: dout0=%h dout1=%h", v0x131e23530_0, v0x131e235c0_0 {0 0 0};
    %jmp T_2.9;
T_2.8 ;
    %vpi_call 2 93 "$display", "[PASS] Overwrite register" {0 0 0};
T_2.9 ;
    %vpi_call 2 95 "$display", "All tests completed." {0 0 0};
    %vpi_call 2 96 "$finish" {0 0 0};
    %end;
    .thread T_2;
# The file index is used to find the file name in the following table.
:file_names 4;
    "N/A";
    "<interactive>";
    "regtest.v";
    "regfile.v";
